Started at Thu Mar 18 17:44:25 UTC 2021
Processing test
Offering test to Project Build Discarder
Finished at Thu Mar 18 17:44:25 UTC 2021. 1ms
Started at Thu Mar 18 18:44:25 UTC 2021
Processing test
Offering test to Project Build Discarder
Finished at Thu Mar 18 18:44:25 UTC 2021. 1ms
Started at Thu Mar 18 19:44:25 UTC 2021
Processing test
Offering test to Project Build Discarder
Finished at Thu Mar 18 19:44:25 UTC 2021. 2ms
Started at Thu Mar 18 20:44:25 UTC 2021
Processing test
Offering test to Project Build Discarder
Finished at Thu Mar 18 20:44:25 UTC 2021. 1ms
Started at Thu Mar 18 21:44:25 UTC 2021
Processing test
Offering test to Project Build Discarder
Finished at Thu Mar 18 21:44:25 UTC 2021. 1ms
Started at Thu Mar 18 22:44:25 UTC 2021
Processing test
Offering test to Project Build Discarder
Finished at Thu Mar 18 22:44:25 UTC 2021. 1ms
Started at Thu Mar 18 23:44:25 UTC 2021
Processing test
Offering test to Project Build Discarder
Finished at Thu Mar 18 23:44:25 UTC 2021. 1ms
Started at Fri Mar 19 00:44:25 UTC 2021
Processing test
Offering test to Project Build Discarder
Finished at Fri Mar 19 00:44:25 UTC 2021. 28ms
Started at Fri Mar 19 01:44:25 UTC 2021
Processing test
Offering test to Project Build Discarder
Finished at Fri Mar 19 01:44:25 UTC 2021. 0ms
Started at Fri Mar 19 02:44:25 UTC 2021
Processing test
Offering test to Project Build Discarder
Finished at Fri Mar 19 02:44:25 UTC 2021. 3ms
Started at Fri Mar 19 03:44:25 UTC 2021
Processing test
Offering test to Project Build Discarder
Finished at Fri Mar 19 03:44:25 UTC 2021. 0ms
Started at Fri Mar 19 04:44:25 UTC 2021
Processing test
Offering test to Project Build Discarder
Finished at Fri Mar 19 04:44:25 UTC 2021. 1ms
Started at Fri Mar 19 05:44:25 UTC 2021
Processing test
Offering test to Project Build Discarder
Finished at Fri Mar 19 05:44:25 UTC 2021. 2ms
Started at Fri Mar 19 06:44:25 UTC 2021
Processing test
Offering test to Project Build Discarder
Finished at Fri Mar 19 06:44:25 UTC 2021. 2ms
Started at Fri Mar 19 07:44:25 UTC 2021
Processing test
Offering test to Project Build Discarder
Finished at Fri Mar 19 07:44:25 UTC 2021. 3ms
Started at Fri Mar 19 08:44:25 UTC 2021
Processing test
Offering test to Project Build Discarder
Finished at Fri Mar 19 08:44:25 UTC 2021. 1ms
Started at Fri Mar 19 09:44:25 UTC 2021
Processing test
Offering test to Project Build Discarder
Finished at Fri Mar 19 09:44:25 UTC 2021. 1ms
Started at Fri Mar 19 10:44:25 UTC 2021
Processing test
Offering test to Project Build Discarder
Finished at Fri Mar 19 10:44:25 UTC 2021. 2ms
Started at Fri Mar 19 11:44:25 UTC 2021
Processing test
Offering test to Project Build Discarder
Finished at Fri Mar 19 11:44:25 UTC 2021. 6ms
Started at Fri Mar 19 12:44:25 UTC 2021
Processing test
Offering test to Project Build Discarder
Finished at Fri Mar 19 12:44:25 UTC 2021. 1ms
Started at Fri Mar 19 13:44:25 UTC 2021
Processing test
Offering test to Project Build Discarder
Finished at Fri Mar 19 13:44:25 UTC 2021. 6ms
Started at Fri Mar 19 14:44:25 UTC 2021
Processing test
Offering test to Project Build Discarder
Finished at Fri Mar 19 14:44:25 UTC 2021. 2ms
